[18:17:36] [main/INFO]: Loading Minecraft 1.21.1 with Fabric Loader 0.16.3
[18:17:37] [main/INFO]: Loading 4 mods:
	- fabricloader 0.16.3
	   \-- mixinextras 0.4.1
	- java 21
	- minecraft 1.21.1
[18:17:37] [main/INFO]: SpongePowered MIXIN Subsystem Version=0.8.7 Source=file:/workspaces/MIne/servidor_minecraft/libraries/net/fabricmc/sponge-mixin/0.15.2+mixin.0.8.7/sponge-mixin-0.15.2+mixin.0.8.7.jar Service=Knot/Fabric Env=SERVER
[18:17:46] [main/INFO]: Environment: Environment[sessionHost=https://sessionserver.mojang.com, servicesHost=https://api.minecraftservices.com, name=PROD]
[18:17:49] [main/INFO]: Loaded 1290 recipes
[18:17:50] [main/INFO]: Loaded 1399 advancements
[18:17:51] [Server thread/INFO]: Starting minecraft server version 1.21.1
[18:17:51] [Server thread/INFO]: Loading properties
[18:17:51] [Server thread/INFO]: Default game type: SURVIVAL
[18:17:51] [Server thread/INFO]: Generating keypair
[18:17:51] [Server thread/INFO]: Starting Minecraft server on *:25565
[18:17:51] [Server thread/INFO]: Using epoll channel type
[18:17:51] [Server thread/WARN]: **** SERVER IS RUNNING IN OFFLINE/INSECURE MODE!
[18:17:51] [Server thread/WARN]: The server will make no attempt to authenticate usernames. Beware.
[18:17:51] [Server thread/WARN]: While this makes the game possible to play without internet access, it also opens up the ability for hackers to connect with any username they choose.
[18:17:51] [Server thread/WARN]: To change this, set "online-mode" to "true" in the server.properties file.
[18:17:51] [Server thread/INFO]: Preparing level "world"
[18:18:00] [Server thread/INFO]: Preparing start region for dimension minecraft:overworld
[18:18:00] [Worker-Main-1/INFO]: Preparing spawn area: 0%
[18:18:00] [Worker-Main-1/INFO]: Preparing spawn area: 0%
[18:18:01] [Worker-Main-1/INFO]: Preparing spawn area: 4%
[18:18:01] [Server thread/INFO]: Time elapsed: 1316 ms
[18:18:01] [Server thread/INFO]: Done (9.913s)! For help, type "help"
[18:18:08] [Server thread/INFO]: XxMatos15[/172.28.131.63:61031] logged in with entity id 7 at (-575.7170058479564, 64.0, 2256.180747161688)
[18:18:08] [Server thread/INFO]: XxMatos15 joined the game
[18:20:00] [Server thread/INFO]: Ram_Tz[/172.28.72.140:56623] logged in with entity id 552 at (-520.6872553916604, 65.0, 2258.76851661898)
[18:20:00] [Server thread/INFO]: Ram_Tz joined the game
[18:20:45] [Server thread/INFO]: [Not Secure] <XxMatos15> xd
[18:21:27] [Server thread/INFO]: [Not Secure] <XxMatos15> duerme
[18:21:43] [Server thread/INFO]: Ram_Tz has made the advancement [Monster Hunter]
[18:23:08] [Server thread/INFO]: [Not Secure] <XxMatos15> voa almorzar
[18:23:10] [Server thread/INFO]: [Not Secure] <XxMatos15> vuelvo
[18:25:51] [Server thread/INFO]: Villager class_1646['Cleric'/153, l='ServerLevel[world]', x=-506.12, y=69.00, z=2330.45] died, message: 'Cleric burned to death'
[18:29:37] [Server thread/INFO]: Ram_Tz has made the advancement [Suit Up]
[18:41:02] [Server thread/INFO]: Villager class_1646['Leatherworker'/166, l='ServerLevel[world]', x=-521.33, y=71.00, z=2339.00] died, message: 'Leatherworker was slain by Zombie'
[18:41:09] [Server thread/INFO]: Ram_Tz has made the advancement [Best Friends Forever]
[18:54:43] [Server thread/WARN]: Horse (vehicle of Ram_Tz) moved wrongly! 0.37606012882935147
[18:54:43] [Server thread/WARN]: Horse (vehicle of Ram_Tz) moved wrongly! 0.8033584681366079
[18:54:43] [Server thread/WARN]: Horse (vehicle of Ram_Tz) moved wrongly! 1.2384246158162426
[18:54:43] [Server thread/WARN]: Horse (vehicle of Ram_Tz) moved wrongly! 1.6776471628825362
[18:54:43] [Server thread/WARN]: Horse (vehicle of Ram_Tz) moved wrongly! 2.119093716390978
[18:55:51] [Server thread/INFO]: [Not Secure] <XxMatos15> vro
[18:56:07] [Server thread/INFO]: XxMatos15 has made the advancement [The Parrots and the Bats]
[18:56:07] [Server thread/INFO]: [Not Secure] <Ram_Tz> te conseguí un cabaIIito
[18:56:33] [Server thread/INFO]: [Not Secure] <XxMatos15> xd
[18:56:56] [Server thread/INFO]: Villager class_1646['Cleric'/79, l='ServerLevel[world]', x=-485.70, y=70.00, z=2313.64] died, message: 'Cleric was slain by Zombie'
[18:57:00] [Server thread/INFO]: [Not Secure] <XxMatos15> pcta
[18:57:08] [Server thread/INFO]: [Not Secure] <Ram_Tz> esta ya está revisada
[18:57:39] [Server thread/INFO]: [Not Secure] <Ram_Tz> 2 herrerias pero nadda interesante
[18:58:16] [Server thread/INFO]: [Not Secure] <Ram_Tz> acá conseguí Ias monturas
[18:58:20] [Server thread/INFO]: [Not Secure] <XxMatos15> aeaa
[18:58:30] [Server thread/INFO]: [Not Secure] <Ram_Tz> buscamo aIdeas o barcos?
[18:58:35] [Server thread/INFO]: [Not Secure] <XxMatos15> barco
[19:01:09] [Server thread/INFO]: [Not Secure] <Ram_Tz> quitaIe Ia montura
[19:01:26] [Server thread/INFO]: [Not Secure] <XxMatos15> YA
[19:03:34] [Server thread/INFO]: [Not Secure] <Ram_Tz> en esta versión aparecen Ias mansiones?
[19:03:40] [Server thread/INFO]: [Not Secure] <XxMatos15> SI P
[19:03:49] [Server thread/WARN]: Oak Boat (vehicle of Ram_Tz) moved too quickly! -8.977446299330268,0.0,5.247453518709335
[19:03:49] [Server thread/WARN]: Oak Boat (vehicle of Ram_Tz) moved too quickly! -9.32317461048433,0.0,5.448609764846424
[19:03:49] [Server thread/WARN]: Oak Boat (vehicle of Ram_Tz) moved too quickly! -9.66891407181106,0.0,5.649748829373948
[19:03:49] [Server thread/WARN]: Oak Boat (vehicle of Ram_Tz) moved too quickly! -10.014663568292804,0.0,5.850872430452455
[19:08:02] [Server thread/INFO]: [Not Secure] <Ram_Tz> Aidea
[19:08:16] [Server thread/INFO]: [Not Secure] <XxMatos15> donde
[19:08:26] [Server thread/INFO]: XxMatos15 has made the advancement [Best Friends Forever]
[19:08:31] [Server thread/INFO]: [Not Secure] <Ram_Tz> acap vro
[19:09:08] [Server thread/WARN]: Horse (vehicle of XxMatos15) moved wrongly! 0.28691149528003734
[19:09:08] [Server thread/WARN]: Horse (vehicle of XxMatos15) moved wrongly! 0.7409350406785506
[19:11:43] [Server thread/WARN]: Horse (vehicle of Ram_Tz) moved too quickly! -3.053161873317549,0.0,-9.602841144048853
[19:11:43] [Server thread/WARN]: Horse (vehicle of Ram_Tz) moved too quickly! -2.946685665774112,0.0,-10.080700710974725
[19:11:43] [Server thread/WARN]: Horse (vehicle of Ram_Tz) moved too quickly! -2.773039112324682,0.0,-10.537735066350251
[19:11:43] [Server thread/WARN]: Horse (vehicle of Ram_Tz) moved too quickly! -2.724667033402511,0.0,-10.887249731494194
[19:11:43] [Server thread/WARN]: Horse (vehicle of Ram_Tz) moved too quickly! -2.7358051523366385,-0.0625,-11.182115564517972
[19:11:43] [Server thread/WARN]: Horse (vehicle of Ram_Tz) moved too quickly! -2.762044624776081,-0.0625,-11.452099239887502
[19:11:43] [Server thread/WARN]: Horse (vehicle of Ram_Tz) moved too quickly! -2.7760848433197793,-0.0625,-11.596562121683746
[19:11:43] [Server thread/WARN]: Horse (vehicle of Ram_Tz) moved too quickly! -2.7835974843307554,-0.0625,-11.673861329453757
[19:11:43] [Server thread/WARN]: Horse (vehicle of Ram_Tz) moved too quickly! -2.7876173487498477,-0.0625,-11.715222594351417
[19:11:43] [Server thread/WARN]: Horse (vehicle of Ram_Tz) moved too quickly! -2.7876173487498477,-0.0625,-11.73735418254364
[19:11:43] [Server thread/WARN]: Horse (vehicle of Ram_Tz) moved too quickly! -2.7876173487498477,-0.0625,-11.749196354128799
[19:11:43] [Server thread/WARN]: Horse (vehicle of Ram_Tz) moved too quickly! -2.7482376061145715,-0.0625,-11.862541637653976
[19:11:43] [Server thread/WARN]: Horse (vehicle of Ram_Tz) moved too quickly! -2.715032938885429,-0.0625,-12.036567790045865
[19:11:43] [Server thread/WARN]: Horse (vehicle of Ram_Tz) moved too quickly! -2.7466984580817098,-0.0625,-12.232438097199974
[19:11:43] [Server thread/WARN]: Horse (vehicle of Ram_Tz) moved too quickly! -2.85964144673045,-0.0625,-12.398772893672685
[19:11:43] [Server thread/WARN]: Horse (vehicle of Ram_Tz) moved too quickly! -2.9752316572608493,-0.0625,-12.713847631678163
[19:11:43] [Server thread/WARN]: Horse (vehicle of Ram_Tz) moved too quickly! -3.146187037772222,-0.0625,-13.087978506727723
[19:11:43] [Server thread/WARN]: Horse (vehicle of Ram_Tz) moved too quickly! -3.357372305314243,0.0,-13.487718847222368
[19:11:43] [Server thread/WARN]: Horse (vehicle of Ram_Tz) moved too quickly! -3.5900837833088985,0.0,-13.901162302078774
[19:11:43] [Server thread/WARN]: Horse (vehicle of Ram_Tz) moved too quickly! -3.845606598415486,0.0,-14.314712933060036
[19:11:43] [Server thread/WARN]: Horse (vehicle of Ram_Tz) moved too quickly! -4.135019197306804,0.0,-14.71160170394296
[19:11:43] [Server thread/WARN]: Horse (vehicle of Ram_Tz) moved too quickly! -4.458413280997888,0.0,-15.084427177778707
[19:11:43] [Server thread/WARN]: Horse (vehicle of Ram_Tz) moved too quickly! -4.712221817467821,0.0,-15.497186776818126
[19:11:43] [Server thread/WARN]: Horse (vehicle of Ram_Tz) moved too quickly! -4.928796515005843,0.0,-15.931314330053738
[19:11:43] [Server thread/WARN]: Horse (vehicle of Ram_Tz) moved too quickly! -5.125448127694028,0.0,-16.376875449548606
[19:11:43] [Server thread/WARN]: Horse (vehicle of Ram_Tz) moved too quickly! -5.311439294902584,0.0,-16.82855444238794
[19:11:43] [Server thread/WARN]: Horse (vehicle of Ram_Tz) moved too quickly! -5.491726270281276,0.0,-17.283506987276724
[19:11:43] [Server thread/WARN]: Horse (vehicle of Ram_Tz) moved too quickly! -5.668961046341167,0.0,-17.740211144599925
[19:11:43] [Server thread/WARN]: Horse (vehicle of Ram_Tz) moved too quickly! -5.844562651399826,0.0,-18.197852554812926
[19:11:43] [Server thread/WARN]: Horse (vehicle of Ram_Tz) moved too quickly! -5.991343877477675,0.0,-18.664575455008162
[19:11:43] [Server thread/WARN]: Horse (vehicle of Ram_Tz) moved too quickly! -5.9610936449487895,0.0,-19.12001736276852
[19:11:43] [Server thread/WARN]: Horse (vehicle of Ram_Tz) moved too quickly! -5.768833089011764,0.0,-19.515862529503465
[19:11:43] [Server thread/WARN]: Horse (vehicle of Ram_Tz) moved too quickly! -5.461803686076735,0.0,-19.83934877100137
[19:11:43] [Server thread/WARN]: Horse (vehicle of Ram_Tz) moved too quickly! -5.083514280720294,0.0,-20.10383558394051
[19:11:43] [Server thread/WARN]: Horse (vehicle of Ram_Tz) moved too quickly! -4.667095068839387,0.0,-20.336752978979348
[19:11:43] [Server thread/WARN]: Horse (vehicle of Ram_Tz) moved too quickly! -4.23003747822446,0.0,-20.552223937338567
[19:11:43] [Server thread/WARN]: Can't keep up! Is the server overloaded? Running 2654ms or 53 ticks behind
[19:11:43] [Server thread/WARN]: Horse (vehicle of Ram_Tz) moved too quickly! -0.6818786599087616,0.0,-11.617327772819863
[19:11:43] [Server thread/WARN]: Horse (vehicle of Ram_Tz) moved too quickly! -0.2071571215577137,-0.07683200149536162,-11.675993555836158
[19:11:43] [Server thread/WARN]: Horse (vehicle of Ram_Tz) moved too quickly! 0.0687556624870922,-0.2274534586630068,-11.6995133568048
[19:11:48] [Server thread/WARN]: Horse (vehicle of XxMatos15) moved wrongly! 0.2505835909120151
[19:11:49] [Server thread/WARN]: Horse (vehicle of XxMatos15) moved wrongly! 0.6409483500298165
[19:11:49] [Server thread/WARN]: Horse (vehicle of XxMatos15) moved wrongly! 1.0926591280698403
[19:11:49] [Server thread/WARN]: Horse (vehicle of XxMatos15) moved wrongly! 1.556276080062105
[19:12:13] [Server thread/INFO]: [Not Secure] <Ram_Tz> porqueria de aIdea,
[19:12:19] [Server thread/INFO]: [Not Secure] <XxMatos15> LIT
[19:13:36] [Server thread/INFO]: [Not Secure] <Ram_Tz> Ia cueva definitva
[19:14:04] [Server thread/INFO]: [Not Secure] <Ram_Tz> ta pioIa pa bunquer así no apIanamos xd
[19:14:15] [Server thread/INFO]: [Not Secure] <XxMatos15> SI
[19:14:51] [Server thread/WARN]: Horse (vehicle of XxMatos15) moved too quickly! 10.253338255967208,0.0,0.9281591636136
[19:14:51] [Server thread/WARN]: Horse (vehicle of XxMatos15) moved too quickly! 10.372748776787262,0.0,0.6468561356523423
[19:14:51] [Server thread/WARN]: Horse (vehicle of XxMatos15) moved too quickly! 10.372748776787262,0.0,0.3105230762203064
[19:14:51] [Server thread/WARN]: Horse (vehicle of XxMatos15) moved too quickly! 10.372748776787262,0.0,-0.08796550296483474
[19:14:51] [Server thread/WARN]: Horse (vehicle of XxMatos15) moved too quickly! 10.315388246121643,0.0,-0.5219065790697641
[19:14:51] [Server thread/WARN]: Horse (vehicle of XxMatos15) moved too quickly! 10.221326504141814,0.0,-0.97316806492654
[19:14:51] [Server thread/WARN]: Horse (vehicle of XxMatos15) moved too quickly! 10.107626675730955,0.0,-1.4336973567105815
[19:14:51] [Server thread/WARN]: Horse (vehicle of XxMatos15) moved too quickly! 10.088921952898374,0.0,-1.9089747541474935
[19:16:00] [Server thread/INFO]: [Not Secure] <Ram_Tz> muevete vr
[19:16:15] [Server thread/INFO]: [Not Secure] <XxMatos15> a donde
[19:16:37] [Server thread/INFO]: [Not Secure] <Ram_Tz> vamo a seguir buscando
[19:17:30] [Server thread/INFO]: [Not Secure] <XxMatos15> pera
[19:17:40] [Server thread/INFO]: [Not Secure] <Ram_Tz> xddd
[19:17:47] [Server thread/WARN]: Horse (vehicle of Ram_Tz) moved wrongly! 0.2610694283075645
[19:17:47] [Server thread/WARN]: Horse (vehicle of Ram_Tz) moved wrongly! 0.5407146329634998
[19:17:47] [Server thread/WARN]: Horse (vehicle of Ram_Tz) moved wrongly! 0.8291659486030767
[19:17:47] [Server thread/WARN]: Horse (vehicle of Ram_Tz) moved wrongly! 1.1223292386548565
[19:17:52] [Server thread/INFO]: [Not Secure] <XxMatos15> ontas
[19:18:20] [Server thread/INFO]: [Not Secure] <XxMatos15> pera
[19:18:34] [Server thread/INFO]: [Not Secure] <Ram_Tz> tenia un Ioro XD
[19:19:16] [Server thread/WARN]: Horse (vehicle of Ram_Tz) moved wrongly! 0.26080039587833426
[19:19:16] [Server thread/WARN]: Horse (vehicle of Ram_Tz) moved wrongly! 0.6700834930247765
[19:19:25] [Server thread/WARN]: Horse (vehicle of XxMatos15) moved wrongly! 0.2711995248792505
[19:19:25] [Server thread/WARN]: Horse (vehicle of XxMatos15) moved wrongly! 0.7996167180998555
[19:19:25] [Server thread/WARN]: Horse (vehicle of XxMatos15) moved wrongly! 1.0
[19:19:25] [Server thread/WARN]: Horse (vehicle of XxMatos15) moved wrongly! 1.0
[19:19:25] [Server thread/WARN]: Horse (vehicle of XxMatos15) moved wrongly! 0.36839104647901877
[19:19:25] [Server thread/WARN]: Horse (vehicle of XxMatos15) moved wrongly! 0.7847454960878508
[19:19:25] [Server thread/WARN]: Horse (vehicle of XxMatos15) moved wrongly! 1.0
[19:19:25] [Server thread/WARN]: Horse (vehicle of XxMatos15) moved wrongly! 0.9694383577841563
[19:19:46] [Server thread/INFO]: [Not Secure] <Ram_Tz> tu tienes eI barco vro
[19:21:57] [Server thread/WARN]: Oak Boat (vehicle of XxMatos15) moved too quickly! 8.003768715199499,0.0,-6.640755167680254
[19:21:57] [Server thread/WARN]: Oak Boat (vehicle of XxMatos15) moved too quickly! 8.311605959720382,0.0,-6.896168847179979
[19:21:57] [Server thread/WARN]: Oak Boat (vehicle of XxMatos15) moved too quickly! 8.619443203940136,0.0,-7.15158252709989
[19:21:57] [Server thread/WARN]: Oak Boat (vehicle of Ram_Tz) moved too quickly! 10.066285631387856,0.0,-1.696925283091332
[19:21:57] [Server thread/WARN]: Oak Boat (vehicle of XxMatos15) moved too quickly! 8.927280447888876,0.0,-7.4069962073981515
[19:21:57] [Server thread/WARN]: Oak Boat (vehicle of Ram_Tz) moved too quickly! 10.437093027920824,0.0,-1.5895865360844255
[19:21:57] [Server thread/WARN]: Oak Boat (vehicle of XxMatos15) moved too quickly! 9.2351176915937,0.0,-7.662409888036564
[19:21:57] [Server thread/WARN]: Oak Boat (vehicle of Ram_Tz) moved too quickly! 10.807093207575491,0.0,-1.4761259961978794
[19:21:57] [Server thread/WARN]: Oak Boat (vehicle of XxMatos15) moved too quickly! 9.54295493507901,0.0,-7.9178235689814755
[19:21:57] [Server thread/WARN]: Oak Boat (vehicle of Ram_Tz) moved too quickly! 11.176285658378688,0.0,-1.356982145618531
[19:21:57] [Server thread/WARN]: Oak Boat (vehicle of XxMatos15) moved too quickly! 9.850792178366746,0.0,-8.173237250201964
[19:21:57] [Server thread/WARN]: Oak Boat (vehicle of Ram_Tz) moved too quickly! 11.544677329156968,0.0,-1.2325673227442167
[19:21:57] [Server thread/WARN]: Oak Boat (vehicle of XxMatos15) moved too quickly! 10.158629421476675,0.0,-8.428650931670745
[19:21:57] [Server thread/WARN]: Oak Boat (vehicle of Ram_Tz) moved too quickly! 11.912282118149776,0.0,-1.1032702322581827
[19:21:57] [Server thread/WARN]: Oak Boat (vehicle of XxMatos15) moved too quickly! 10.466466664426576,0.0,-8.684064613363262
[19:21:57] [Server thread/WARN]: Oak Boat (vehicle of Ram_Tz) moved too quickly! 12.279118691677112,0.0,-0.9694547657491057
[19:21:57] [Server thread/WARN]: Oak Boat (vehicle of XxMatos15) moved too quickly! 10.77430390723245,0.0,-8.939478295256777
[19:21:57] [Server thread/WARN]: Oak Boat (vehicle of Ram_Tz) moved too quickly! 12.645208479962406,0.0,-0.8314589700721626
[19:21:57] [Server thread/WARN]: Oak Boat (vehicle of XxMatos15) moved too quickly! 11.082141149908693,0.0,-9.194891977331281
[19:21:57] [Server thread/WARN]: Oak Boat (vehicle of Ram_Tz) moved too quickly! 13.010577185156109,0.0,-0.6896010255632063
[19:21:57] [Server thread/WARN]: Oak Boat (vehicle of XxMatos15) moved too quickly! 11.38997839246828,0.0,-9.450305659568585
[19:21:57] [Server thread/WARN]: Oak Boat (vehicle of Ram_Tz) moved too quickly! 13.375252767169243,0.0,-0.5441777383675799
[19:21:57] [Server thread/WARN]: Oak Boat (vehicle of XxMatos15) moved too quickly! 11.697815634922861,0.0,-9.705719341952317
[19:21:57] [Server thread/WARN]: Oak Boat (vehicle of Ram_Tz) moved too quickly! 13.739263589945438,0.0,-0.3954632114773631
[19:21:57] [Server thread/WARN]: Oak Boat (vehicle of XxMatos15) moved too quickly! 12.005652877282955,0.0,-9.961133024467927
[19:21:57] [Server thread/WARN]: Oak Boat (vehicle of Ram_Tz) moved too quickly! 14.102638429486404,0.0,-0.24371108897139493
[19:21:57] [Server thread/WARN]: Oak Boat (vehicle of XxMatos15) moved too quickly! 12.313490119557997,0.0,-10.21654670710268
[19:21:57] [Server thread/WARN]: Oak Boat (vehicle of Ram_Tz) moved too quickly! 14.46540819470846,0.0,-0.08916000682165759
[19:21:57] [Server thread/WARN]: Oak Boat (vehicle of XxMatos15) moved too quickly! 12.6213273617565,0.0,-10.471960389843844
[19:21:57] [Server thread/WARN]: Oak Boat (vehicle of Ram_Tz) moved too quickly! 14.827604045220951,0.0,0.06796835591558192
[19:21:57] [Server thread/WARN]: Can't keep up! Is the server overloaded? Running 2010ms or 40 ticks behind
[19:22:36] [Server thread/INFO]: [Not Secure] <Ram_Tz> guardianes
[19:22:51] [Server thread/INFO]: [Not Secure] <XxMatos15> comose ase
[19:22:55] [Server thread/INFO]: [Not Secure] <Ram_Tz> que es eso X
[19:23:01] [Server thread/WARN]: Oak Boat (vehicle of XxMatos15) moved wrongly! 0.2813088750172028
[19:23:02] [Server thread/WARN]: Oak Boat (vehicle of XxMatos15) moved wrongly! 0.4683302592638938
[19:23:02] [Server thread/WARN]: Oak Boat (vehicle of XxMatos15) moved wrongly! 0.4647972613629463
[19:23:30] [Server thread/INFO]: [Not Secure] <Ram_Tz> montana toda rara
[19:23:34] [Server thread/INFO]: XxMatos15 lost connection: Disconnected
[19:23:34] [Server thread/INFO]: XxMatos15 left the game
[19:27:47] [Server thread/INFO]: Ram_Tz has made the advancement [Isn't It Iron Pick]
